<?xml version="1.0" encoding="UTF-8"?>
<testng-results skipped="0" failed="0" total="0" passed="0">
  <reporter-output>
  </reporter-output>
  <suite name="com.walmartlabs.codeathon.AppTest" duration-ms="5" started-at="2016-03-31T05:35:11Z" finished-at="2016-03-31T05:35:11Z">
    <groups>
    </groups>
    <test name="Command line test" duration-ms="5" started-at="2016-03-31T05:35:11Z" finished-at="2016-03-31T05:35:11Z">
    </test> <!-- Command line test -->
  </suite> <!-- com.walmartlabs.codeathon.AppTest -->
</testng-results>
